dos2unix: 跳过 ./.git/modules/bundle/Vundle.vim，不是一个普通文件。
dos2unix: 正在转换文件 ./autoload/nerdtree/ui_glue.vim 为Unix格式...
dos2unix: 正在转换文件 ./autoload/nerdtree.vim 为Unix格式...
dos2unix: 正在转换文件 ./autoload/syntastic/c.vim 为Unix格式...
dos2unix: 正在转换文件 ./autoload/syntastic/log.vim 为Unix格式...
dos2unix: 正在转换文件 ./autoload/syntastic/postprocess.vim 为Unix格式...
dos2unix: 正在转换文件 ./autoload/syntastic/preprocess.vim 为Unix格式...
dos2unix: 正在转换文件 ./autoload/syntastic/util.vim 为Unix格式...
dos2unix: 正在转换文件 ./bundle/vim-airline/autoload/airline/builder.vim 为Unix格式...
dos2unix: 正在转换文件 ./bundle/vim-airline/autoload/airline/debug.vim 为Unix格式...
dos2unix: 正在转换文件 ./bundle/vim-airline/autoload/airline/extensions/branch.vim 为Unix格式...
dos2unix: 正在转换文件 ./bundle/vim-airline/autoload/airline/extensions/bufferline.vim 为Unix格式...
dos2unix: 正在转换文件 ./bundle/vim-airline/autoload/airline/extensions/capslock.vim 为Unix格式...
dos2unix: 正在转换文件 ./bundle/vim-airline/autoload/airline/extensions/commandt.vim 为Unix格式...
dos2unix: 正在转换文件 ./bundle/vim-airline/autoload/airline/extensions/csv.vim 为Unix格式...
dos2unix: 正在转换文件 ./bundle/vim-airline/autoload/airline/extensions/ctrlp.vim 为Unix格式...
dos2unix: 正在转换文件 ./bundle/vim-airline/autoload/airline/extensions/ctrlspace.vim 为Unix格式...
dos2unix: 正在转换文件 ./bundle/vim-airline/autoload/airline/extensions/default.vim 为Unix格式...
dos2unix: 正在转换文件 ./bundle/vim-airline/autoload/airline/extensions/eclim.vim 为Unix格式...
dos2unix: 正在转换文件 ./bundle/vim-airline/autoload/airline/extensions/example.vim 为Unix格式...
dos2unix: 正在转换文件 ./bundle/vim-airline/autoload/airline/extensions/hunks.vim 为Unix格式...
dos2unix: 正在转换文件 ./bundle/vim-airline/autoload/airline/extensions/netrw.vim 为Unix格式...
dos2unix: 在第 18 行找到二进制符号 0x16
dos2unix: 跳过二进制文件./bundle/vim-airline/autoload/airline/extensions/nrrwrgn.vim
dos2unix: 正在转换文件 ./bundle/vim-airline/autoload/airline/extensions/po.vim 为Unix格式...
dos2unix: 正在转换文件 ./bundle/vim-airline/autoload/airline/extensions/promptline.vim 为Unix格式...
dos2unix: 正在转换文件 ./bundle/vim-airline/autoload/airline/extensions/quickfix.vim 为Unix格式...
dos2unix: 正在转换文件 ./bundle/vim-airline/autoload/airline/extensions/syntastic.vim 为Unix格式...
dos2unix: 正在转换文件 ./bundle/vim-airline/autoload/airline/extensions/tabline/autoshow.vim 为Unix格式...
dos2unix: 正在转换文件 ./bundle/vim-airline/autoload/airline/extensions/tabline/buffers.vim 为Unix格式...
dos2unix: 正在转换文件 ./bundle/vim-airline/autoload/airline/extensions/tabline/buflist.vim 为Unix格式...
dos2unix: 正在转换文件 ./bundle/vim-airline/autoload/airline/extensions/tabline/ctrlspace.vim 为Unix格式...
dos2unix: 正在转换文件 ./bundle/vim-airline/autoload/airline/extensions/tabline/formatters/default.vim 为Unix格式...
dos2unix: 正在转换文件 ./bundle/vim-airline/autoload/airline/extensions/tabline/formatters/unique_tail.vim 为Unix格式...
dos2unix: 正在转换文件 ./bundle/vim-airline/autoload/airline/extensions/tabline/formatters/unique_tail_improved.vim 为Unix格式...
dos2unix: 正在转换文件 ./bundle/vim-airline/autoload/airline/extensions/tabline/tabs.vim 为Unix格式...
dos2unix: 正在转换文件 ./bundle/vim-airline/autoload/airline/extensions/tabline.vim 为Unix格式...
dos2unix: 正在转换文件 ./bundle/vim-airline/autoload/airline/extensions/tagbar.vim 为Unix格式...
dos2unix: 正在转换文件 ./bundle/vim-airline/autoload/airline/extensions/tmuxline.vim 为Unix格式...
dos2unix: 正在转换文件 ./bundle/vim-airline/autoload/airline/extensions/undotree.vim 为Unix格式...
dos2unix: 正在转换文件 ./bundle/vim-airline/autoload/airline/extensions/unicode.vim 为Unix格式...
dos2unix: 正在转换文件 ./bundle/vim-airline/autoload/airline/extensions/unite.vim 为Unix格式...
dos2unix: 正在转换文件 ./bundle/vim-airline/autoload/airline/extensions/virtualenv.vim 为Unix格式...
dos2unix: 正在转换文件 ./bundle/vim-airline/autoload/airline/extensions/whitespace.vim 为Unix格式...
dos2unix: 正在转换文件 ./bundle/vim-airline/autoload/airline/extensions/windowswap.vim 为Unix格式...
dos2unix: 正在转换文件 ./bundle/vim-airline/autoload/airline/extensions/wordcount/formatters/default.vim 为Unix格式...
dos2unix: 正在转换文件 ./bundle/vim-airline/autoload/airline/extensions/wordcount.vim 为Unix格式...
dos2unix: 正在转换文件 ./bundle/vim-airline/autoload/airline/extensions/ycm.vim 为Unix格式...
dos2unix: 正在转换文件 ./bundle/vim-airline/autoload/airline/extensions.vim 为Unix格式...
dos2unix: 正在转换文件 ./bundle/vim-airline/autoload/airline/highlighter.vim 为Unix格式...
dos2unix: 在第 42 行找到二进制符号 0x16
dos2unix: 跳过二进制文件./bundle/vim-airline/autoload/airline/init.vim
dos2unix: 正在转换文件 ./bundle/vim-airline/autoload/airline/msdos.vim 为Unix格式...
dos2unix: 正在转换文件 ./bundle/vim-airline/autoload/airline/parts.vim 为Unix格式...
dos2unix: 正在转换文件 ./bundle/vim-airline/autoload/airline/section.vim 为Unix格式...
dos2unix: 正在转换文件 ./bundle/vim-airline/autoload/airline/themes/dark.vim 为Unix格式...
dos2unix: 正在转换文件 ./bundle/vim-airline/autoload/airline/themes.vim 为Unix格式...
dos2unix: 正在转换文件 ./bundle/vim-airline/autoload/airline/util.vim 为Unix格式...
dos2unix: 在第 153 行找到二进制符号 0x16
dos2unix: 跳过二进制文件./bundle/vim-airline/autoload/airline.vim
dos2unix: 正在转换文件 ./bundle/vim-airline/plugin/airline.vim 为Unix格式...
dos2unix: 正在转换文件 ./bundle/vim-airline/t/airline.vim 为Unix格式...
dos2unix: 正在转换文件 ./bundle/vim-airline/t/builder.vim 为Unix格式...
dos2unix: 正在转换文件 ./bundle/vim-airline/t/commands.vim 为Unix格式...
dos2unix: 正在转换文件 ./bundle/vim-airline/t/extensions_default.vim 为Unix格式...
dos2unix: 正在转换文件 ./bundle/vim-airline/t/highlighter.vim 为Unix格式...
dos2unix: 正在转换文件 ./bundle/vim-airline/t/init.vim 为Unix格式...
dos2unix: 正在转换文件 ./bundle/vim-airline/t/parts.vim 为Unix格式...
dos2unix: 正在转换文件 ./bundle/vim-airline/t/section.vim 为Unix格式...
dos2unix: 正在转换文件 ./bundle/vim-airline/t/themes.vim 为Unix格式...
dos2unix: 正在转换文件 ./bundle/vim-airline/t/util.vim 为Unix格式...
dos2unix: 正在转换文件 ./bundle/vim-fugitive/plugin/fugitive.vim 为Unix格式...
dos2unix: 正在转换文件 ./bundle/vim-gitgutter/autoload/gitgutter/async.vim 为Unix格式...
dos2unix: 正在转换文件 ./bundle/vim-gitgutter/autoload/gitgutter/debug.vim 为Unix格式...
dos2unix: 正在转换文件 ./bundle/vim-gitgutter/autoload/gitgutter/diff.vim 为Unix格式...
dos2unix: 正在转换文件 ./bundle/vim-gitgutter/autoload/gitgutter/highlight.vim 为Unix格式...
dos2unix: 正在转换文件 ./bundle/vim-gitgutter/autoload/gitgutter/hunk.vim 为Unix格式...
dos2unix: 正在转换文件 ./bundle/vim-gitgutter/autoload/gitgutter/sign.vim 为Unix格式...
dos2unix: 正在转换文件 ./bundle/vim-gitgutter/autoload/gitgutter/utility.vim 为Unix格式...
dos2unix: 正在转换文件 ./bundle/vim-gitgutter/autoload/gitgutter.vim 为Unix格式...
dos2unix: 正在转换文件 ./bundle/vim-gitgutter/plugin/gitgutter.vim 为Unix格式...
dos2unix: 正在转换文件 ./bundle/vim-gitgutter/test/helper.vim 为Unix格式...
dos2unix: 正在转换文件 ./bundle/vim-gitgutter/test/testAddLines.vim 为Unix格式...
dos2unix: 正在转换文件 ./bundle/vim-gitgutter/test/testAddLinesFish.vim 为Unix格式...
dos2unix: 正在转换文件 ./bundle/vim-gitgutter/test/testEditAmbiguousFile.vim 为Unix格式...
dos2unix: 正在转换文件 ./bundle/vim-gitgutter/test/testFileAddedToGit.vim 为Unix格式...
dos2unix: 正在转换文件 ./bundle/vim-gitgutter/test/testFilenameWithEquals.vim 为Unix格式...
dos2unix: 正在转换文件 ./bundle/vim-gitgutter/test/testFilenameWithSquareBrackets.vim 为Unix格式...
dos2unix: 正在转换文件 ./bundle/vim-gitgutter/test/testFollowSymlink.vim 为Unix格式...
dos2unix: 正在转换文件 ./bundle/vim-gitgutter/test/testHunkOutsideNoop.vim 为Unix格式...
dos2unix: 正在转换文件 ./bundle/vim-gitgutter/test/testHunkStage.vim 为Unix格式...
dos2unix: 正在转换文件 ./bundle/vim-gitgutter/test/testHunkStageNearbyHunk.vim 为Unix格式...
dos2unix: 正在转换文件 ./bundle/vim-gitgutter/test/testHunkUndo.vim 为Unix格式...
dos2unix: 正在转换文件 ./bundle/vim-gitgutter/test/testHunkUndoNearbyHunk.vim 为Unix格式...
dos2unix: 正在转换文件 ./bundle/vim-gitgutter/test/testKeepAlt.vim 为Unix格式...
dos2unix: 正在转换文件 ./bundle/vim-gitgutter/test/testKeepModified.vim 为Unix格式...
dos2unix: 正在转换文件 ./bundle/vim-gitgutter/test/testKeepOpMarks.vim 为Unix格式...
dos2unix: 正在转换文件 ./bundle/vim-gitgutter/test/testModifyLines.vim 为Unix格式...
dos2unix: 正在转换文件 ./bundle/vim-gitgutter/test/testNoModifications.vim 为Unix格式...
dos2unix: 正在转换文件 ./bundle/vim-gitgutter/test/testOrphanedSigns.vim 为Unix格式...
dos2unix: 正在转换文件 ./bundle/vim-gitgutter/test/testRemoveFirstLines.vim 为Unix格式...
dos2unix: 正在转换文件 ./bundle/vim-gitgutter/test/testRemoveLines.vim 为Unix格式...
dos2unix: 正在转换文件 ./bundle/vim-gitgutter/test/testSignColumnAlways.vim 为Unix格式...
dos2unix: 正在转换文件 ./bundle/vim-gitgutter/test/testUntrackedFileOutsideRepo.vim 为Unix格式...
dos2unix: 正在转换文件 ./bundle/vim-gitgutter/test/testUntrackedFileSquareBracketsWithinRepo.vim 为Unix格式...
dos2unix: 正在转换文件 ./bundle/vim-gitgutter/test/testUntrackedFileWithinRepo.vim 为Unix格式...
dos2unix: 跳过 ./bundle/Vundle.vim，不是一个普通文件。
dos2unix: 正在转换文件 ./bundle/Vundle.vim/autoload/vundle/config.vim 为Unix格式...
dos2unix: 正在转换文件 ./bundle/Vundle.vim/autoload/vundle/installer.vim 为Unix格式...
dos2unix: 正在转换文件 ./bundle/Vundle.vim/autoload/vundle/scripts.vim 为Unix格式...
dos2unix: 正在转换文件 ./bundle/Vundle.vim/autoload/vundle.vim 为Unix格式...
dos2unix: 正在转换文件 ./bundle/Vundle.vim/ftplugin/vundlelog.vim 为Unix格式...
dos2unix: 正在转换文件 ./bundle/Vundle.vim/syntax/vundlelog.vim 为Unix格式...
dos2unix: 正在转换文件 ./bundle/Vundle.vim/test/minirc.vim 为Unix格式...
dos2unix: 正在转换文件 ./lib/nerdtree/bookmark.vim 为Unix格式...
dos2unix: 正在转换文件 ./lib/nerdtree/creator.vim 为Unix格式...
dos2unix: 正在转换文件 ./lib/nerdtree/event.vim 为Unix格式...
dos2unix: 正在转换文件 ./lib/nerdtree/flag_set.vim 为Unix格式...
dos2unix: 正在转换文件 ./lib/nerdtree/key_map.vim 为Unix格式...
dos2unix: 正在转换文件 ./lib/nerdtree/menu_controller.vim 为Unix格式...
dos2unix: 正在转换文件 ./lib/nerdtree/menu_item.vim 为Unix格式...
dos2unix: 正在转换文件 ./lib/nerdtree/nerdtree.vim 为Unix格式...
dos2unix: 正在转换文件 ./lib/nerdtree/notifier.vim 为Unix格式...
dos2unix: 正在转换文件 ./lib/nerdtree/opener.vim 为Unix格式...
dos2unix: 正在转换文件 ./lib/nerdtree/path.vim 为Unix格式...
dos2unix: 正在转换文件 ./lib/nerdtree/tree_dir_node.vim 为Unix格式...
dos2unix: 正在转换文件 ./lib/nerdtree/tree_file_node.vim 为Unix格式...
dos2unix: 正在转换文件 ./lib/nerdtree/ui.vim 为Unix格式...
dos2unix: 正在转换文件 ./nerdtree_plugin/execute_menuitem.vim 为Unix格式...
dos2unix: 正在转换文件 ./nerdtree_plugin/exec_menuitem.vim 为Unix格式...
dos2unix: 正在转换文件 ./nerdtree_plugin/fs_menu.vim 为Unix格式...
dos2unix: 正在转换文件 ./plugin/NERD_commenter.vim 为Unix格式...
dos2unix: 正在转换文件 ./plugin/NERD_tree.vim 为Unix格式...
dos2unix: 正在转换文件 ./plugin/syntastic/autoloclist.vim 为Unix格式...
dos2unix: 正在转换文件 ./plugin/syntastic/balloons.vim 为Unix格式...
dos2unix: 正在转换文件 ./plugin/syntastic/checker.vim 为Unix格式...
dos2unix: 正在转换文件 ./plugin/syntastic/cursor.vim 为Unix格式...
dos2unix: 正在转换文件 ./plugin/syntastic/highlighting.vim 为Unix格式...
dos2unix: 正在转换文件 ./plugin/syntastic/loclist.vim 为Unix格式...
dos2unix: 正在转换文件 ./plugin/syntastic/modemap.vim 为Unix格式...
dos2unix: 正在转换文件 ./plugin/syntastic/notifiers.vim 为Unix格式...
dos2unix: 正在转换文件 ./plugin/syntastic/registry.vim 为Unix格式...
dos2unix: 正在转换文件 ./plugin/syntastic/signs.vim 为Unix格式...
dos2unix: 正在转换文件 ./plugin/syntastic.vim 为Unix格式...
dos2unix: 正在转换文件 ./plugin/taglist.vim 为Unix格式...
dos2unix: 正在转换文件 ./syntax/nerdtree.vim 为Unix格式...
dos2unix: 正在转换文件 ./syntax_checkers/actionscript/mxmlc.vim 为Unix格式...
dos2unix: 正在转换文件 ./syntax_checkers/ada/gcc.vim 为Unix格式...
dos2unix: 正在转换文件 ./syntax_checkers/ansible/ansible_lint.vim 为Unix格式...
dos2unix: 正在转换文件 ./syntax_checkers/apiblueprint/drafter.vim 为Unix格式...
dos2unix: 正在转换文件 ./syntax_checkers/applescript/osacompile.vim 为Unix格式...
dos2unix: 正在转换文件 ./syntax_checkers/asciidoc/asciidoc.vim 为Unix格式...
dos2unix: 正在转换文件 ./syntax_checkers/asm/gcc.vim 为Unix格式...
dos2unix: 正在转换文件 ./syntax_checkers/bemhtml/bemhtmllint.vim 为Unix格式...
dos2unix: 正在转换文件 ./syntax_checkers/bro/bro.vim 为Unix格式...
dos2unix: 正在转换文件 ./syntax_checkers/c/avrgcc.vim 为Unix格式...
dos2unix: 正在转换文件 ./syntax_checkers/c/checkpatch.vim 为Unix格式...
dos2unix: 正在转换文件 ./syntax_checkers/c/clang_check.vim 为Unix格式...
dos2unix: 正在转换文件 ./syntax_checkers/c/clang_tidy.vim 为Unix格式...
dos2unix: 正在转换文件 ./syntax_checkers/c/cppcheck.vim 为Unix格式...
dos2unix: 正在转换文件 ./syntax_checkers/c/gcc.vim 为Unix格式...
dos2unix: 正在转换文件 ./syntax_checkers/c/make.vim 为Unix格式...
dos2unix: 正在转换文件 ./syntax_checkers/c/oclint.vim 为Unix格式...
dos2unix: 正在转换文件 ./syntax_checkers/c/pc_lint.vim 为Unix格式...
dos2unix: 正在转换文件 ./syntax_checkers/c/sparse.vim 为Unix格式...
dos2unix: 正在转换文件 ./syntax_checkers/c/splint.vim 为Unix格式...
dos2unix: 正在转换文件 ./syntax_checkers/cabal/cabal.vim 为Unix格式...
dos2unix: 正在转换文件 ./syntax_checkers/chef/foodcritic.vim 为Unix格式...
dos2unix: 正在转换文件 ./syntax_checkers/co/coco.vim 为Unix格式...
dos2unix: 正在转换文件 ./syntax_checkers/cobol/cobc.vim 为Unix格式...
dos2unix: 正在转换文件 ./syntax_checkers/coffee/coffee.vim 为Unix格式...
dos2unix: 正在转换文件 ./syntax_checkers/coffee/coffeelint.vim 为Unix格式...
dos2unix: 正在转换文件 ./syntax_checkers/coq/coqtop.vim 为Unix格式...
dos2unix: 正在转换文件 ./syntax_checkers/cpp/clang_check.vim 为Unix格式...
dos2unix: 正在转换文件 ./syntax_checkers/cpp/clang_tidy.vim 为Unix格式...
dos2unix: 正在转换文件 ./syntax_checkers/cpp/cppcheck.vim 为Unix格式...
dos2unix: 正在转换文件 ./syntax_checkers/cpp/cpplint.vim 为Unix格式...
dos2unix: 正在转换文件 ./syntax_checkers/cpp/gcc.vim 为Unix格式...
dos2unix: 正在转换文件 ./syntax_checkers/cpp/oclint.vim 为Unix格式...
dos2unix: 正在转换文件 ./syntax_checkers/cpp/pc_lint.vim 为Unix格式...
dos2unix: 正在转换文件 ./syntax_checkers/cpp/verapp.vim 为Unix格式...
dos2unix: 正在转换文件 ./syntax_checkers/cs/mcs.vim 为Unix格式...
dos2unix: 正在转换文件 ./syntax_checkers/css/csslint.vim 为Unix格式...
dos2unix: 正在转换文件 ./syntax_checkers/css/mixedindentlint.vim 为Unix格式...
dos2unix: 正在转换文件 ./syntax_checkers/css/phpcs.vim 为Unix格式...
dos2unix: 正在转换文件 ./syntax_checkers/css/prettycss.vim 为Unix格式...
dos2unix: 正在转换文件 ./syntax_checkers/css/recess.vim 为Unix格式...
dos2unix: 正在转换文件 ./syntax_checkers/css/stylelint.vim 为Unix格式...
dos2unix: 正在转换文件 ./syntax_checkers/cucumber/cucumber.vim 为Unix格式...
dos2unix: 正在转换文件 ./syntax_checkers/cuda/nvcc.vim 为Unix格式...
dos2unix: 正在转换文件 ./syntax_checkers/d/dmd.vim 为Unix格式...
dos2unix: 正在转换文件 ./syntax_checkers/dart/dartanalyzer.vim 为Unix格式...
dos2unix: 正在转换文件 ./syntax_checkers/docbk/igor.vim 为Unix格式...
dos2unix: 正在转换文件 ./syntax_checkers/docbk/xmllint.vim 为Unix格式...
dos2unix: 正在转换文件 ./syntax_checkers/dockerfile/dockerfile_lint.vim 为Unix格式...
dos2unix: 正在转换文件 ./syntax_checkers/dustjs/swiffer.vim 为Unix格式...
dos2unix: 正在转换文件 ./syntax_checkers/elixir/elixir.vim 为Unix格式...
dos2unix: 正在转换文件 ./syntax_checkers/erlang/escript.vim 为Unix格式...
dos2unix: 正在转换文件 ./syntax_checkers/erlang/syntaxerl.vim 为Unix格式...
dos2unix: 正在转换文件 ./syntax_checkers/eruby/ruby.vim 为Unix格式...
dos2unix: 正在转换文件 ./syntax_checkers/fortran/gfortran.vim 为Unix格式...
dos2unix: 正在转换文件 ./syntax_checkers/glsl/cgc.vim 为Unix格式...
dos2unix: 正在转换文件 ./syntax_checkers/go/go.vim 为Unix格式...
dos2unix: 正在转换文件 ./syntax_checkers/go/gofmt.vim 为Unix格式...
dos2unix: 正在转换文件 ./syntax_checkers/go/golint.vim 为Unix格式...
dos2unix: 正在转换文件 ./syntax_checkers/go/gometalinter.vim 为Unix格式...
dos2unix: 正在转换文件 ./syntax_checkers/go/gotype.vim 为Unix格式...
dos2unix: 正在转换文件 ./syntax_checkers/go/govet.vim 为Unix格式...
dos2unix: 正在转换文件 ./syntax_checkers/haml/haml.vim 为Unix格式...
dos2unix: 正在转换文件 ./syntax_checkers/haml/haml_lint.vim 为Unix格式...
dos2unix: 正在转换文件 ./syntax_checkers/handlebars/handlebars.vim 为Unix格式...
dos2unix: 正在转换文件 ./syntax_checkers/haskell/ghc-mod.vim 为Unix格式...
dos2unix: 正在转换文件 ./syntax_checkers/haskell/hdevtools.vim 为Unix格式...
dos2unix: 正在转换文件 ./syntax_checkers/haskell/hlint.vim 为Unix格式...
dos2unix: 正在转换文件 ./syntax_checkers/haskell/scan.vim 为Unix格式...
dos2unix: 正在转换文件 ./syntax_checkers/haxe/haxe.vim 为Unix格式...
dos2unix: 正在转换文件 ./syntax_checkers/hss/hss.vim 为Unix格式...
dos2unix: 正在转换文件 ./syntax_checkers/html/jshint.vim 为Unix格式...
dos2unix: 正在转换文件 ./syntax_checkers/html/textlint.vim 为Unix格式...
dos2unix: 正在转换文件 ./syntax_checkers/html/tidy.vim 为Unix格式...
dos2unix: 正在转换文件 ./syntax_checkers/html/validator.vim 为Unix格式...
dos2unix: 正在转换文件 ./syntax_checkers/html/w3.vim 为Unix格式...
dos2unix: 正在转换文件 ./syntax_checkers/jade/jade_lint.vim 为Unix格式...
dos2unix: 正在转换文件 ./syntax_checkers/java/checkstyle.vim 为Unix格式...
dos2unix: 正在转换文件 ./syntax_checkers/java/javac.vim 为Unix格式...
dos2unix: 正在转换文件 ./syntax_checkers/javascript/closurecompiler.vim 为Unix格式...
dos2unix: 正在转换文件 ./syntax_checkers/javascript/eslint.vim 为Unix格式...
dos2unix: 正在转换文件 ./syntax_checkers/javascript/flow.vim 为Unix格式...
dos2unix: 正在转换文件 ./syntax_checkers/javascript/gjslint.vim 为Unix格式...
dos2unix: 正在转换文件 ./syntax_checkers/javascript/jscs.vim 为Unix格式...
dos2unix: 正在转换文件 ./syntax_checkers/javascript/jshint.vim 为Unix格式...
dos2unix: 正在转换文件 ./syntax_checkers/javascript/jsl.vim 为Unix格式...
dos2unix: 正在转换文件 ./syntax_checkers/javascript/jslint.vim 为Unix格式...
dos2unix: 正在转换文件 ./syntax_checkers/javascript/jsxhint.vim 为Unix格式...
dos2unix: 正在转换文件 ./syntax_checkers/javascript/mixedindentlint.vim 为Unix格式...
dos2unix: 正在转换文件 ./syntax_checkers/javascript/standard.vim 为Unix格式...
dos2unix: 正在转换文件 ./syntax_checkers/json/jsonlint.vim 为Unix格式...
dos2unix: 正在转换文件 ./syntax_checkers/json/jsonval.vim 为Unix格式...
dos2unix: 正在转换文件 ./syntax_checkers/less/lessc.vim 为Unix格式...
dos2unix: 正在转换文件 ./syntax_checkers/less/recess.vim 为Unix格式...
dos2unix: 正在转换文件 ./syntax_checkers/lex/flex.vim 为Unix格式...
dos2unix: 正在转换文件 ./syntax_checkers/limbo/limbo.vim 为Unix格式...
dos2unix: 正在转换文件 ./syntax_checkers/lisp/clisp.vim 为Unix格式...
dos2unix: 正在转换文件 ./syntax_checkers/llvm/llvm.vim 为Unix格式...
dos2unix: 正在转换文件 ./syntax_checkers/lua/luac.vim 为Unix格式...
dos2unix: 正在转换文件 ./syntax_checkers/lua/luacheck.vim 为Unix格式...
dos2unix: 正在转换文件 ./syntax_checkers/markdown/mdl.vim 为Unix格式...
dos2unix: 正在转换文件 ./syntax_checkers/markdown/textlint.vim 为Unix格式...
dos2unix: 正在转换文件 ./syntax_checkers/matlab/mlint.vim 为Unix格式...
dos2unix: 正在转换文件 ./syntax_checkers/mercury/mmc.vim 为Unix格式...
dos2unix: 正在转换文件 ./syntax_checkers/nasm/nasm.vim 为Unix格式...
dos2unix: 正在转换文件 ./syntax_checkers/nix/nix.vim 为Unix格式...
dos2unix: 正在转换文件 ./syntax_checkers/nroff/igor.vim 为Unix格式...
dos2unix: 正在转换文件 ./syntax_checkers/nroff/mandoc.vim 为Unix格式...
dos2unix: 正在转换文件 ./syntax_checkers/objc/gcc.vim 为Unix格式...
dos2unix: 正在转换文件 ./syntax_checkers/objc/oclint.vim 为Unix格式...
dos2unix: 正在转换文件 ./syntax_checkers/objcpp/gcc.vim 为Unix格式...
dos2unix: 正在转换文件 ./syntax_checkers/objcpp/oclint.vim 为Unix格式...
dos2unix: 正在转换文件 ./syntax_checkers/ocaml/camlp4o.vim 为Unix格式...
dos2unix: 正在转换文件 ./syntax_checkers/perl/perl.vim 为Unix格式...
dos2unix: 正在转换文件 ./syntax_checkers/perl/perlcritic.vim 为Unix格式...
dos2unix: 正在转换文件 ./syntax_checkers/perl/podchecker.vim 为Unix格式...
dos2unix: 正在转换文件 ./syntax_checkers/php/php.vim 为Unix格式...
dos2unix: 正在转换文件 ./syntax_checkers/php/phpcs.vim 为Unix格式...
dos2unix: 正在转换文件 ./syntax_checkers/php/phplint.vim 为Unix格式...
dos2unix: 正在转换文件 ./syntax_checkers/php/phpmd.vim 为Unix格式...
dos2unix: 正在转换文件 ./syntax_checkers/po/msgfmt.vim 为Unix格式...
dos2unix: 正在转换文件 ./syntax_checkers/pod/podchecker.vim 为Unix格式...
dos2unix: 正在转换文件 ./syntax_checkers/pug/pug_lint.vim 为Unix格式...
dos2unix: 正在转换文件 ./syntax_checkers/puppet/puppet.vim 为Unix格式...
dos2unix: 正在转换文件 ./syntax_checkers/puppet/puppetlint.vim 为Unix格式...
dos2unix: 正在转换文件 ./syntax_checkers/python/flake8.vim 为Unix格式...
dos2unix: 正在转换文件 ./syntax_checkers/python/frosted.vim 为Unix格式...
dos2unix: 正在转换文件 ./syntax_checkers/python/mypy.vim 为Unix格式...
dos2unix: 正在转换文件 ./syntax_checkers/python/pep257.vim 为Unix格式...
dos2unix: 正在转换文件 ./syntax_checkers/python/pep8.vim 为Unix格式...
dos2unix: 正在转换文件 ./syntax_checkers/python/prospector.vim 为Unix格式...
dos2unix: 正在转换文件 ./syntax_checkers/python/py3kwarn.vim 为Unix格式...
dos2unix: 正在转换文件 ./syntax_checkers/python/pydocstyle.vim 为Unix格式...
dos2unix: 正在转换文件 ./syntax_checkers/python/pyflakes.vim 为Unix格式...
dos2unix: 正在转换文件 ./syntax_checkers/python/pylama.vim 为Unix格式...
dos2unix: 正在转换文件 ./syntax_checkers/python/pylint.vim 为Unix格式...
dos2unix: 正在转换文件 ./syntax_checkers/python/python.vim 为Unix格式...
dos2unix: 正在转换文件 ./syntax_checkers/qml/qmllint.vim 为Unix格式...
dos2unix: 正在转换文件 ./syntax_checkers/r/lint.vim 为Unix格式...
dos2unix: 正在转换文件 ./syntax_checkers/r/lintr.vim 为Unix格式...
dos2unix: 正在转换文件 ./syntax_checkers/r/svtools.vim 为Unix格式...
dos2unix: 正在转换文件 ./syntax_checkers/racket/code-ayatollah.vim 为Unix格式...
dos2unix: 正在转换文件 ./syntax_checkers/racket/racket.vim 为Unix格式...
dos2unix: 正在转换文件 ./syntax_checkers/rmd/lintr.vim 为Unix格式...
dos2unix: 正在转换文件 ./syntax_checkers/rnc/rnv.vim 为Unix格式...
dos2unix: 正在转换文件 ./syntax_checkers/rst/rst2pseudoxml.vim 为Unix格式...
dos2unix: 正在转换文件 ./syntax_checkers/rst/rstcheck.vim 为Unix格式...
dos2unix: 正在转换文件 ./syntax_checkers/rst/sphinx.vim 为Unix格式...
dos2unix: 正在转换文件 ./syntax_checkers/ruby/flog.vim 为Unix格式...
dos2unix: 正在转换文件 ./syntax_checkers/ruby/jruby.vim 为Unix格式...
dos2unix: 正在转换文件 ./syntax_checkers/ruby/macruby.vim 为Unix格式...
dos2unix: 正在转换文件 ./syntax_checkers/ruby/mri.vim 为Unix格式...
dos2unix: 正在转换文件 ./syntax_checkers/ruby/reek.vim 为Unix格式...
dos2unix: 正在转换文件 ./syntax_checkers/ruby/rubocop.vim 为Unix格式...
dos2unix: 正在转换文件 ./syntax_checkers/ruby/rubylint.vim 为Unix格式...
dos2unix: 正在转换文件 ./syntax_checkers/sass/sass.vim 为Unix格式...
dos2unix: 正在转换文件 ./syntax_checkers/sass/sassc.vim 为Unix格式...
dos2unix: 正在转换文件 ./syntax_checkers/scala/fsc.vim 为Unix格式...
dos2unix: 正在转换文件 ./syntax_checkers/scala/scalac.vim 为Unix格式...
dos2unix: 正在转换文件 ./syntax_checkers/scala/scalastyle.vim 为Unix格式...
dos2unix: 正在转换文件 ./syntax_checkers/scss/mixedindentlint.vim 为Unix格式...
dos2unix: 正在转换文件 ./syntax_checkers/scss/sass.vim 为Unix格式...
dos2unix: 正在转换文件 ./syntax_checkers/scss/sassc.vim 为Unix格式...
dos2unix: 正在转换文件 ./syntax_checkers/scss/scss_lint.vim 为Unix格式...
dos2unix: 正在转换文件 ./syntax_checkers/scss/stylelint.vim 为Unix格式...
dos2unix: 正在转换文件 ./syntax_checkers/sh/bashate.vim 为Unix格式...
dos2unix: 正在转换文件 ./syntax_checkers/sh/checkbashisms.vim 为Unix格式...
dos2unix: 正在转换文件 ./syntax_checkers/sh/sh.vim 为Unix格式...
dos2unix: 正在转换文件 ./syntax_checkers/sh/shellcheck.vim 为Unix格式...
dos2unix: 正在转换文件 ./syntax_checkers/slim/slimrb.vim 为Unix格式...
dos2unix: 正在转换文件 ./syntax_checkers/slim/slim_lint.vim 为Unix格式...
dos2unix: 正在转换文件 ./syntax_checkers/sml/smlnj.vim 为Unix格式...
dos2unix: 正在转换文件 ./syntax_checkers/spec/rpmlint.vim 为Unix格式...
dos2unix: 正在转换文件 ./syntax_checkers/sql/sqlint.vim 为Unix格式...
dos2unix: 正在转换文件 ./syntax_checkers/stylus/stylint.vim 为Unix格式...
dos2unix: 正在转换文件 ./syntax_checkers/tcl/nagelfar.vim 为Unix格式...
dos2unix: 正在转换文件 ./syntax_checkers/tex/chktex.vim 为Unix格式...
dos2unix: 正在转换文件 ./syntax_checkers/tex/lacheck.vim 为Unix格式...
dos2unix: 正在转换文件 ./syntax_checkers/texinfo/makeinfo.vim 为Unix格式...
dos2unix: 正在转换文件 ./syntax_checkers/text/atdtool.vim 为Unix格式...
dos2unix: 正在转换文件 ./syntax_checkers/text/igor.vim 为Unix格式...
dos2unix: 正在转换文件 ./syntax_checkers/text/language_check.vim 为Unix格式...
dos2unix: 正在转换文件 ./syntax_checkers/text/textlint.vim 为Unix格式...
dos2unix: 正在转换文件 ./syntax_checkers/twig/twiglint.vim 为Unix格式...
dos2unix: 正在转换文件 ./syntax_checkers/typescript/eslint.vim 为Unix格式...
dos2unix: 正在转换文件 ./syntax_checkers/typescript/tsc.vim 为Unix格式...
dos2unix: 正在转换文件 ./syntax_checkers/typescript/tslint.vim 为Unix格式...
dos2unix: 正在转换文件 ./syntax_checkers/vala/valac.vim 为Unix格式...
dos2unix: 正在转换文件 ./syntax_checkers/verilog/iverilog.vim 为Unix格式...
dos2unix: 正在转换文件 ./syntax_checkers/verilog/verilator.vim 为Unix格式...
dos2unix: 正在转换文件 ./syntax_checkers/vhdl/ghdl.vim 为Unix格式...
dos2unix: 正在转换文件 ./syntax_checkers/vhdl/vcom.vim 为Unix格式...
dos2unix: 正在转换文件 ./syntax_checkers/vim/vimlint.vim 为Unix格式...
dos2unix: 正在转换文件 ./syntax_checkers/vim/vint.vim 为Unix格式...
dos2unix: 正在转换文件 ./syntax_checkers/xhtml/jshint.vim 为Unix格式...
dos2unix: 正在转换文件 ./syntax_checkers/xhtml/tidy.vim 为Unix格式...
dos2unix: 正在转换文件 ./syntax_checkers/xml/plutil.vim 为Unix格式...
dos2unix: 正在转换文件 ./syntax_checkers/xml/xmllint.vim 为Unix格式...
dos2unix: 正在转换文件 ./syntax_checkers/xquery/basex.vim 为Unix格式...
dos2unix: 正在转换文件 ./syntax_checkers/xslt/xmllint.vim 为Unix格式...
dos2unix: 正在转换文件 ./syntax_checkers/yacc/bison.vim 为Unix格式...
dos2unix: 正在转换文件 ./syntax_checkers/yaml/jsyaml.vim 为Unix格式...
dos2unix: 正在转换文件 ./syntax_checkers/yaml/yamllint.vim 为Unix格式...
dos2unix: 正在转换文件 ./syntax_checkers/yaml/yamlxs.vim 为Unix格式...
dos2unix: 正在转换文件 ./syntax_checkers/z80/z80syntaxchecker.vim 为Unix格式...
dos2unix: 正在转换文件 ./syntax_checkers/zpt/zptlint.vim 为Unix格式...
dos2unix: 正在转换文件 ./syntax_checkers/zsh/zsh.vim 为Unix格式...
